# JRE version: Java(TM) SE Runtime Environment (22.0.1+8) (build 22.0.1+8-16)
# Java VM: Java HotSpot(TM) 64-Bit Server VM (22.0.1+8-16, mixed mode, sharing, tiered, compressed oops, compressed class ptrs, g1 gc, windows-amd64)
GC Precious Log:
 CardTable entry size: 512
 Card Set container configuration: InlinePtr #cards 4 size 8 Array Of Cards #cards 16 size 48 Howl #buckets 8 coarsen threshold 3686 Howl Bitmap #cards 512 size 80 coarsen threshold 460 Card regions per heap region 1 cards per card region 4096
 CPUs: 6 total, 6 available
 Memory: 16315M
 Large Page Support: Disabled
 NUMA Support: Disabled
 Compressed Oops: Enabled (Zero based)
 Heap Region Size: 2M
 Heap Min Capacity: 8M
 Heap Initial Capacity: 256M
 Heap Max Capacity: 4080M
 Pre-touch: Disabled
 Parallel Workers: 6
 Concurrent Workers: 2
 Concurrent Refinement Workers: 6
 Periodic GC: Disabled
Heap:
 garbage-first heap   total reserved 4177920K, committed 102400K, used 56587K [0x0000000701000000, 0x0000000800000000)
  region size 2048K, 15 young (30720K), 1 survivors (2048K)
 Metaspace       used 36318K, committed 36736K, reserved 1114112K
  class space    used 4921K, committed 5120K, reserved 1048576K
GC Heap History (16 events):
Event: 0.706 GC heap before
{Heap before GC invocations=0 (full 0):
 garbage-first heap   total reserved 4177920K, committed 262144K, used 20480K [0x0000000701000000, 0x0000000800000000)
  region size 2048K, 11 young (22528K), 0 survivors (0K)
 Metaspace       used 11991K, committed 12224K, reserved 1114112K
  class space    used 1407K, committed 1536K, reserved 1048576K
}
Event: 0.712 GC heap after
{Heap after GC invocations=1 (full 0):
 garbage-first heap   total reserved 4177920K, committed 262144K, used 4979K [0x0000000701000000, 0x0000000800000000)
  region size 2048K, 2 young (4096K), 2 survivors (4096K)
 Metaspace       used 11991K, committed 12224K, reserved 1114112K
  class space    used 1407K, committed 1536K, reserved 1048576K
}
Event: 6.209 GC heap before
{Heap before GC invocations=1 (full 0):
 garbage-first heap   total reserved 4177920K, committed 262144K, used 33651K [0x0000000701000000, 0x0000000800000000)
  region size 2048K, 16 young (32768K), 2 survivors (4096K)
 Metaspace       used 19718K, committed 19968K, reserved 1114112K
  class space    used 2171K, committed 2240K, reserved 1048576K
}
Event: 6.213 GC heap after
{Heap after GC invocations=2 (full 0):
 garbage-first heap   total reserved 4177920K, committed 262144K, used 8615K [0x0000000701000000, 0x0000000800000000)
  region size 2048K, 2 young (4096K), 2 survivors (4096K)
 Metaspace       used 19718K, committed 19968K, reserved 1114112K
  class space    used 2171K, committed 2240K, reserved 1048576K
}
Event: 6.368 GC heap before
{Heap before GC invocations=2 (full 0):
 garbage-first heap   total reserved 4177920K, committed 262144K, used 14759K [0x0000000701000000, 0x0000000800000000)
  region size 2048K, 7 young (14336K), 2 survivors (4096K)
 Metaspace       used 21228K, committed 21504K, reserved 1114112K
  class space    used 2334K, committed 2496K, reserved 1048576K
}
Event: 6.369 GC heap after
{Heap after GC invocations=3 (full 0):
 garbage-first heap   total reserved 4177920K, committed 262144K, used 9018K [0x0000000701000000, 0x0000000800000000)
  region size 2048K, 2 young (4096K), 2 survivors (4096K)
 Metaspace       used 21228K, committed 21504K, reserved 1114112K
  class space    used 2334K, committed 2496K, reserved 1048576K
}
Event: 6.601 GC heap before
{Heap before GC invocations=4 (full 0):
 garbage-first heap   total reserved 4177920K, committed 40960K, used 35642K [0x0000000701000000, 0x0000000800000000)
  region size 2048K, 13 young (26624K), 2 survivors (4096K)
 Metaspace       used 25839K, committed 26176K, reserved 1114112K
  class space    used 3062K, committed 3200K, reserved 1048576K
}
Event: 6.605 GC heap after
{Heap after GC invocations=5 (full 0):
 garbage-first heap   total reserved 4177920K, committed 47104K, used 17550K [0x0000000701000000, 0x0000000800000000)
  region size 2048K, 2 young (4096K), 2 survivors (4096K)
 Metaspace       used 25839K, committed 26176K, reserved 1114112K
  class space    used 3062K, committed 3200K, reserved 1048576K
}
Event: 6.904 GC heap before
{Heap before GC invocations=5 (full 0):
 garbage-first heap   total reserved 4177920K, committed 47104K, used 33934K [0x0000000701000000, 0x0000000800000000)
  region size 2048K, 11 young (22528K), 2 survivors (4096K)
 Metaspace       used 28864K, committed 29248K, reserved 1114112K
  class space    used 3670K, committed 3840K, reserved 1048576K
}
Event: 6.907 GC heap after
{Heap after GC invocations=6 (full 0):
 garbage-first heap   total reserved 4177920K, committed 47104K, used 19008K [0x0000000701000000, 0x0000000800000000)
  region size 2048K, 1 young (2048K), 1 survivors (2048K)
 Metaspace       used 28864K, committed 29248K, reserved 1114112K
  class space    used 3670K, committed 3840K, reserved 1048576K
}
Event: 7.532 GC heap before
{Heap before GC invocations=6 (full 0):
 garbage-first heap   total reserved 4177920K, committed 47104K, used 29248K [0x0000000701000000, 0x0000000800000000)
  region size 2048K, 7 young (14336K), 1 survivors (2048K)
 Metaspace       used 31176K, committed 31616K, reserved 1114112K
  class space    used 3977K, committed 4160K, reserved 1048576K
}
Event: 7.533 GC heap after
{Heap after GC invocations=7 (full 0):
 garbage-first heap   total reserved 4177920K, committed 47104K, used 21788K [0x0000000701000000, 0x0000000800000000)
  region size 2048K, 2 young (4096K), 2 survivors (4096K)
 Metaspace       used 31176K, committed 31616K, reserved 1114112K
  class space    used 3977K, committed 4160K, reserved 1048576K
}
Event: 7.676 GC heap before
{Heap before GC invocations=7 (full 0):
 garbage-first heap   total reserved 4177920K, committed 47104K, used 42268K [0x0000000701000000, 0x0000000800000000)
  region size 2048K, 9 young (18432K), 2 survivors (4096K)
 Metaspace       used 31712K, committed 32128K, reserved 1114112K
  class space    used 4074K, committed 4288K, reserved 1048576K
}
Event: 7.677 GC heap after
{Heap after GC invocations=8 (full 0):
 garbage-first heap   total reserved 4177920K, committed 49152K, used 28501K [0x0000000701000000, 0x0000000800000000)
  region size 2048K, 1 young (2048K), 1 survivors (2048K)
 Metaspace       used 31712K, committed 32128K, reserved 1114112K
  class space    used 4074K, committed 4288K, reserved 1048576K
}
Event: 7.814 GC heap before
{Heap before GC invocations=8 (full 0):
 garbage-first heap   total reserved 4177920K, committed 49152K, used 38741K [0x0000000701000000, 0x0000000800000000)
  region size 2048K, 7 young (14336K), 1 survivors (2048K)
 Metaspace       used 33658K, committed 34048K, reserved 1114112K
  class space    used 4551K, committed 4736K, reserved 1048576K
}
Event: 7.816 GC heap after
{Heap after GC invocations=9 (full 0):
 garbage-first heap   total reserved 4177920K, committed 155648K, used 29963K [0x0000000701000000, 0x0000000800000000)
  region size 2048K, 1 young (2048K), 1 survivors (2048K)
 Metaspace       used 33658K, committed 34048K, reserved 1114112K
  class space    used 4551K, committed 4736K, reserved 1048576K
}

